<?xml version="1.0" encoding="UTF-8"?>
<!-- Generated by org.testng.reporters.JUnitReportReporter -->
<testsuite hostname="DESKTOP-9KHR3CB" failures="0" tests="1" name="testng.Demo" time="9.911" errors="0" timestamp="2025-04-03T21:19:38 IST" skipped="0">
  <testcase classname="testng.Demo" name="sample" time="9.911"/>
</testsuite> <!-- testng.Demo -->
